<?xml version="1.0" encoding="UTF-8"?>
<!-- Generated by org.testng.reporters.JUnitXMLReporter -->
<testsuite ignored="0" hostname="LAPTOP-164KHIDL" failures="0" tests="3" name="Default test" time="0.047" errors="0" timestamp="2022-10-04T12:16:38 IST">
  <testcase classname="SampleTestJenkins.LoginTests" name="logindetailswithinvaliedcredintials" time="0.009"/>
  <testcase classname="SampleTestJenkins.LoginTests" name="logindetailswithnovaliedcredintials" time="0.002"/>
  <testcase classname="SampleTestJenkins.LoginTests" name="logindetailswithvaliedcredintials" time="0.001"/>
</testsuite> <!-- Default test -->
