<?xml version="1.0" encoding="UTF-8"?>
<!-- Generated by org.testng.reporters.JUnitXMLReporter -->
<testsuite ignored="0" hostname="LAPTOP-164KHIDL" failures="0" tests="3" name="Test" time="0.062" errors="0" timestamp="2022-10-04T21:33:06 IST">
  <testcase classname="SampleTestJenkins.LoginTests" name="logindetailswithinvaliedcredintials" time="0.015"/>
  <testcase classname="SampleTestJenkins.LoginTests" name="logindetailswithnovaliedcredintials" time="0.0"/>
  <testcase classname="SampleTestJenkins.LoginTests" name="logindetailswithvaliedcredintials" time="0.0"/>
</testsuite> <!-- Test -->
