-------------------------------------------------------------------------------
Test set: TestSuite
-------------------------------------------------------------------------------
Tests run: 3, Failures: 1, Errors: 0, Skipped: 0, Time elapsed: 0.612 s <<< FAILURE! - in TestSuite
logindetailswithinvaliedcredintials(SampleTestJenkins.LoginTests)  Time elapsed: 0.016 s  <<< FAILURE!
java.lang.AssertionError: expected [true] but found [false]
	at SampleTestJenkins.LoginTests.logindetailswithinvaliedcredintials(LoginTests.java:21)

