<?xml version="1.0" encoding="UTF-8"?>
<testsuite xmlns:xsi="http://www.w3.org/2001/XMLSchema-instance" xsi:noNamespaceSchemaLocation="https://maven.apache.org/surefire/maven-surefire-plugin/xsd/surefire-test-report.xsd" name="TestSuite" time="0.612" tests="3" errors="0" skipped="0" failures="1">
  <properties>
[...]
</properties>
  <testcase name="logindetailswithinvaliedcredintials" classname="SampleTestJenkins.LoginTests" time="0.016">
    <failure message="expected [true] but found [false]" type="java.lang.AssertionError">java.lang.AssertionError: expected [true] but found [false]
	at SampleTestJenkins.LoginTests.logindetailswithinvaliedcredintials(LoginTests.java:21)
</failure>
    <system-out><![CDATA[username
]]></system-out>
    <system-err><![CDATA[SLF4J: Failed to load class "org.slf4j.impl.StaticLoggerBinder".
SLF4J: Defaulting to no-operation (NOP) logger implementation
SLF4J: See http://www.slf4j.org/codes.html#StaticLoggerBinder for further details.
]]></system-err>
  </testcase>
  <testcase name="logindetailswithnovaliedcredintials" classname="SampleTestJenkins.LoginTests" time="0"/>
  <testcase name="logindetailswithvaliedcredintials" classname="SampleTestJenkins.LoginTests" time="0"/>
</testsuite>